[debug] [2017-06-24T05:01:35.960Z] ----------------------------------------------------------------------
[debug] [2017-06-24T05:01:35.962Z] Command:      C:\Program Files\nodejs\node.exe C:\Users\cnjap\AppData\Roaming\npm\node_modules\firebase-tools\bin\firebase deploy
[debug] [2017-06-24T05:01:35.963Z] CLI Version:  3.9.1
[debug] [2017-06-24T05:01:35.963Z] Platform:     win32
[debug] [2017-06-24T05:01:35.963Z] Node Version: v7.10.0
[debug] [2017-06-24T05:01:35.963Z] Time:         Sat Jun 24 2017 12:01:35 GMT+0700 (SE Asia Standard Time)
[debug] [2017-06-24T05:01:35.963Z] ----------------------------------------------------------------------
[debug] 
[debug] [2017-06-24T05:01:35.976Z] > command requires scopes: ["email","openid","https://www.googleapis.com/auth/cloudplatformprojects.readonly","https://www.googleapis.com/auth/firebase","https://www.googleapis.com/auth/cloud-platform"]
[debug] [2017-06-24T05:01:35.977Z] > authorizing via signed-in user
[debug] [2017-06-24T05:01:35.978Z] >>> HTTP REQUEST GET https://admin.firebase.com/v1/projects/ggez-pwa-hack  
 Sat Jun 24 2017 12:01:35 GMT+0700 (SE Asia Standard Time)
[debug] [2017-06-24T05:01:37.231Z] <<< HTTP RESPONSE 200
[debug] [2017-06-24T05:01:37.231Z] >>> HTTP REQUEST GET https://admin.firebase.com/v1/database/ggez-pwa-hack/tokens  
 Sat Jun 24 2017 12:01:37 GMT+0700 (SE Asia Standard Time)
[debug] [2017-06-24T05:01:38.523Z] <<< HTTP RESPONSE 200
[info] 
[info] === Deploying to 'ggez-pwa-hack'...
[info] 
[info] i  deploying database, functions, hosting
[info] +  database: rules ready to deploy.
[debug] [2017-06-24T05:01:40.656Z] > [functions] package.json contents: {
  "name": "functions",
  "description": "Cloud Functions for Firebase",
  "dependencies": {
    "firebase-admin": "~4.2.1",
    "firebase-functions": "^0.5.7"
  },
  "private": true
}
[info] i  functions: ensuring necessary APIs are enabled...
[info] i  runtimeconfig: ensuring necessary APIs are enabled...
[debug] [2017-06-24T05:01:40.660Z] >>> HTTP REQUEST GET https://servicemanagement.googleapis.com/v1/services/cloudfunctions.googleapis.com/projectSettings/ggez-pwa-hack?view=CONSUMER_VIEW  
 Sat Jun 24 2017 12:01:40 GMT+0700 (SE Asia Standard Time)
[debug] [2017-06-24T05:01:40.660Z] >>> HTTP REQUEST GET https://servicemanagement.googleapis.com/v1/services/runtimeconfig.googleapis.com/projectSettings/ggez-pwa-hack?view=CONSUMER_VIEW  
 Sat Jun 24 2017 12:01:40 GMT+0700 (SE Asia Standard Time)
[debug] [2017-06-24T05:01:42.286Z] <<< HTTP RESPONSE 200
[info] +  runtimeconfig: all necessary APIs are enabled
[debug] [2017-06-24T05:01:42.311Z] <<< HTTP RESPONSE 200
[info] +  functions: all necessary APIs are enabled
[debug] [2017-06-24T05:01:42.312Z] >>> HTTP REQUEST GET https://appengine.googleapis.com/v1/apps/ggez-pwa-hack  
 Sat Jun 24 2017 12:01:42 GMT+0700 (SE Asia Standard Time)
[debug] [2017-06-24T05:01:42.312Z] >>> HTTP REQUEST GET https://apikeys.googleapis.com/v1/projects/ggez-pwa-hack/apiKeys  
 Sat Jun 24 2017 12:01:42 GMT+0700 (SE Asia Standard Time)
[debug] [2017-06-24T05:01:43.723Z] <<< HTTP RESPONSE 200
[debug] [2017-06-24T05:01:43.793Z] <<< HTTP RESPONSE 200
[info] i  functions: preparing functions directory for uploading...
[debug] [2017-06-24T05:01:45.922Z] >>> HTTP REQUEST GET https://runtimeconfig.googleapis.com/v1beta1/projects/ggez-pwa-hack/configs  
 Sat Jun 24 2017 12:01:45 GMT+0700 (SE Asia Standard Time)
[debug] [2017-06-24T05:01:46.283Z] <<< HTTP RESPONSE 200
[info] i  hosting: preparing build directory for upload...
[debug] [2017-06-24T05:01:46.946Z] >>> HTTP REQUEST PUT https://deploy.firebase.com/v1/hosting/ggez-pwa-hack/uploads/-KnNTX72_rjzK0TzHL6y?fileCount=10&message=  
 Sat Jun 24 2017 12:01:46 GMT+0700 (SE Asia Standard Time)
[debug] [2017-06-24T05:01:50.375Z] <<< HTTP RESPONSE 200
[debug] [2017-06-24T05:01:50.375Z] [hosting] .tgz uploaded successfully, waiting for extraction
[info] +  hosting: 10 files uploaded successfully
[info] i  starting release process (may take several minutes)...
[debug] [2017-06-24T05:01:53.939Z] >>> HTTP REQUEST GET https://cloudfunctions.googleapis.com/v1beta2/projects/ggez-pwa-hack/locations/us-central1/functions  
 Sat Jun 24 2017 12:01:53 GMT+0700 (SE Asia Standard Time)
[debug] [2017-06-24T05:01:55.527Z] <<< HTTP RESPONSE 200
[debug] [2017-06-24T05:01:55.531Z] >>> HTTP REQUEST GET https://cloudfunctions.googleapis.com/v1beta2/projects/ggez-pwa-hack/locations/us-central1/functions  
 Sat Jun 24 2017 12:01:55 GMT+0700 (SE Asia Standard Time)
[debug] [2017-06-24T05:01:56.910Z] <<< HTTP RESPONSE 200
[debug] [2017-06-24T05:01:56.912Z] >>> HTTP REQUEST POST https://deploy.firebase.com/v1/projects/ggez-pwa-hack/releases { database: { rulesString: '{\n  "rules": {\n    ".read": "auth != null",\n    ".write": "auth != null"\n  }\n}\n' },
  hosting: 
   { public: 'build',
     rewrites: [ [Object] ],
     version: '-KnNTX72_rjzK0TzHL6y',
     prefix: '-KnNTX72_rjzK0TzHL6y/',
     manifest: [] } } 
 Sat Jun 24 2017 12:01:56 GMT+0700 (SE Asia Standard Time)
